# JRE version: Java(TM) SE Runtime Environment (8.0_20-b26) (build 1.8.0_20-b26)
# Java VM: Java HotSpot(TM) 64-Bit Server VM (25.20-b23 mixed mode bsd-amd64 compressed oops)
Heap:
 PSYoungGen      total 168960K, used 30154K [0x000000078ab00000, 0x0000000796d00000, 0x00000007c0000000)
  eden space 160256K, 13% used [0x000000078ab00000,0x000000078c00fae0,0x0000000794780000)
  from space 8704K, 98% used [0x0000000796480000,0x0000000796ce2e78,0x0000000796d00000)
  to   space 16384K, 0% used [0x0000000794d00000,0x0000000794d00000,0x0000000795d00000)
 ParOldGen       total 123904K, used 22551K [0x0000000720000000, 0x0000000727900000, 0x000000078ab00000)
  object space 123904K, 18% used [0x0000000720000000,0x0000000721605c30,0x0000000727900000)
 Metaspace       used 40530K, capacity 40838K, committed 41264K, reserved 1085440K
  class space    used 4976K, capacity 5086K, committed 5168K, reserved 1048576K
GC Heap History (10 events):
Event: 8.364 GC heap before
{Heap before GC invocations=8 (full 1):
 PSYoungGen      total 99840K, used 95724K [0x000000078ab00000, 0x0000000793b00000, 0x00000007c0000000)
  eden space 86528K, 100% used [0x000000078ab00000,0x000000078ff80000,0x000000078ff80000)
  from space 13312K, 69% used [0x0000000790d00000,0x00000007915fb000,0x0000000791a00000)
  to   space 13824K, 0% used [0x000000078ff80000,0x000000078ff80000,0x0000000790d00000)
 ParOldGen       total 79360K, used 10502K [0x0000000720000000, 0x0000000724d80000, 0x000000078ab00000)
  object space 79360K, 13% used [0x0000000720000000,0x0000000720a41bf0,0x0000000724d80000)
 Metaspace       used 28275K, capacity 28642K, committed 28976K, reserved 1075200K
  class space    used 3460K, capacity 3547K, committed 3632K, reserved 1048576K
Event: 8.378 GC heap after
Heap after GC invocations=8 (full 1):
 PSYoungGen      total 100352K, used 9237K [0x000000078ab00000, 0x0000000794580000, 0x00000007c0000000)
  eden space 86528K, 0% used [0x000000078ab00000,0x000000078ab00000,0x000000078ff80000)
  from space 13824K, 66% used [0x000000078ff80000,0x0000000790885688,0x0000000790d00000)
  to   space 13824K, 0% used [0x0000000793800000,0x0000000793800000,0x0000000794580000)
 ParOldGen       total 79360K, used 10510K [0x0000000720000000, 0x0000000724d80000, 0x000000078ab00000)
  object space 79360K, 13% used [0x0000000720000000,0x0000000720a43bf0,0x0000000724d80000)
 Metaspace       used 28275K, capacity 28642K, committed 28976K, reserved 1075200K
  class space    used 3460K, capacity 3547K, committed 3632K, reserved 1048576K
}
Event: 10.028 GC heap before
{Heap before GC invocations=9 (full 1):
 PSYoungGen      total 100352K, used 95765K [0x000000078ab00000, 0x0000000794580000, 0x00000007c0000000)
  eden space 86528K, 100% used [0x000000078ab00000,0x000000078ff80000,0x000000078ff80000)
  from space 13824K, 66% used [0x000000078ff80000,0x0000000790885688,0x0000000790d00000)
  to   space 13824K, 0% used [0x0000000793800000,0x0000000793800000,0x0000000794580000)
 ParOldGen       total 79360K, used 10510K [0x0000000720000000, 0x0000000724d80000, 0x000000078ab00000)
  object space 79360K, 13% used [0x0000000720000000,0x0000000720a43bf0,0x0000000724d80000)
 Metaspace       used 32223K, capacity 32500K, committed 32816K, reserved 1077248K
  class space    used 3947K, capacity 4037K, committed 4144K, reserved 1048576K
Event: 10.061 GC heap after
Heap after GC invocations=9 (full 1):
 PSYoungGen      total 142848K, used 12136K [0x000000078ab00000, 0x0000000794b00000, 0x00000007c0000000)
  eden space 129024K, 0% used [0x000000078ab00000,0x000000078ab00000,0x0000000792900000)
  from space 13824K, 87% used [0x0000000793800000,0x00000007943da1b0,0x0000000794580000)
  to   space 15360K, 0% used [0x0000000792900000,0x0000000792900000,0x0000000793800000)
 ParOldGen       total 79360K, used 10518K [0x0000000720000000, 0x0000000724d80000, 0x000000078ab00000)
  object space 79360K, 13% used [0x0000000720000000,0x0000000720a45bf0,0x0000000724d80000)
 Metaspace       used 32223K, capacity 32500K, committed 32816K, reserved 1077248K
  class space    used 3947K, capacity 4037K, committed 4144K, reserved 1048576K
}
Event: 11.468 GC heap before
{Heap before GC invocations=10 (full 1):
 PSYoungGen      total 142848K, used 88668K [0x000000078ab00000, 0x0000000794b00000, 0x00000007c0000000)
  eden space 129024K, 59% used [0x000000078ab00000,0x000000078f5bcec0,0x0000000792900000)
  from space 13824K, 87% used [0x0000000793800000,0x00000007943da1b0,0x0000000794580000)
  to   space 15360K, 0% used [0x0000000792900000,0x0000000792900000,0x0000000793800000)
 ParOldGen       total 79360K, used 10518K [0x0000000720000000, 0x0000000724d80000, 0x000000078ab00000)
  object space 79360K, 13% used [0x0000000720000000,0x0000000720a45bf0,0x0000000724d80000)
 Metaspace       used 34884K, capacity 35166K, committed 35496K, reserved 1081344K
  class space    used 4207K, capacity 4303K, committed 4400K, reserved 1048576K
Event: 11.496 GC heap after
Heap after GC invocations=10 (full 1):
 PSYoungGen      total 144384K, used 14278K [0x000000078ab00000, 0x0000000797500000, 0x00000007c0000000)
  eden space 129024K, 0% used [0x000000078ab00000,0x000000078ab00000,0x0000000792900000)
  from space 15360K, 92% used [0x0000000792900000,0x00000007936f1928,0x0000000793800000)
  to   space 16896K, 0% used [0x0000000796480000,0x0000000796480000,0x0000000797500000)
 ParOldGen       total 79360K, used 10526K [0x0000000720000000, 0x0000000724d80000, 0x000000078ab00000)
  object space 79360K, 13% used [0x0000000720000000,0x0000000720a47bf0,0x0000000724d80000)
 Metaspace       used 34884K, capacity 35166K, committed 35496K, reserved 1081344K
  class space    used 4207K, capacity 4303K, committed 4400K, reserved 1048576K
}
Event: 11.496 GC heap before
{Heap before GC invocations=11 (full 2):
 PSYoungGen      total 144384K, used 14278K [0x000000078ab00000, 0x0000000797500000, 0x00000007c0000000)
  eden space 129024K, 0% used [0x000000078ab00000,0x000000078ab00000,0x0000000792900000)
  from space 15360K, 92% used [0x0000000792900000,0x00000007936f1928,0x0000000793800000)
  to   space 16896K, 0% used [0x0000000796480000,0x0000000796480000,0x0000000797500000)
 ParOldGen       total 79360K, used 10526K [0x0000000720000000, 0x0000000724d80000, 0x000000078ab00000)
  object space 79360K, 13% used [0x0000000720000000,0x0000000720a47bf0,0x0000000724d80000)
 Metaspace       used 34884K, capacity 35166K, committed 35496K, reserved 1081344K
  class space    used 4207K, capacity 4303K, committed 4400K, reserved 1048576K
Event: 11.659 GC heap after
Heap after GC invocations=11 (full 2):
 PSYoungGen      total 144384K, used 0K [0x000000078ab00000, 0x0000000797500000, 0x00000007c0000000)
  eden space 129024K, 0% used [0x000000078ab00000,0x000000078ab00000,0x0000000792900000)
  from space 15360K, 0% used [0x0000000792900000,0x0000000792900000,0x0000000793800000)
  to   space 16896K, 0% used [0x0000000796480000,0x0000000796480000,0x0000000797500000)
 ParOldGen       total 123904K, used 22543K [0x0000000720000000, 0x0000000727900000, 0x000000078ab00000)
  object space 123904K, 18% used [0x0000000720000000,0x0000000721603c30,0x0000000727900000)
 Metaspace       used 34880K, capacity 35160K, committed 35496K, reserved 1081344K
  class space    used 4206K, capacity 4302K, committed 4400K, reserved 1048576K
}
Event: 28.168 GC heap before
{Heap before GC invocations=12 (full 2):
 PSYoungGen      total 144384K, used 129024K [0x000000078ab00000, 0x0000000797500000, 0x00000007c0000000)
  eden space 129024K, 100% used [0x000000078ab00000,0x0000000792900000,0x0000000792900000)
  from space 15360K, 0% used [0x0000000792900000,0x0000000792900000,0x0000000793800000)
  to   space 16896K, 0% used [0x0000000796480000,0x0000000796480000,0x0000000797500000)
 ParOldGen       total 123904K, used 22543K [0x0000000720000000, 0x0000000727900000, 0x000000078ab00000)
  object space 123904K, 18% used [0x0000000720000000,0x0000000721603c30,0x0000000727900000)
 Metaspace       used 39145K, capacity 39558K, committed 40112K, reserved 1085440K
  class space    used 4827K, capacity 4958K, committed 5040K, reserved 1048576K
Event: 28.184 GC heap after
Heap after GC invocations=12 (full 2):
 PSYoungGen      total 168960K, used 8587K [0x000000078ab00000, 0x0000000796d00000, 0x00000007c0000000)
  eden space 160256K, 0% used [0x000000078ab00000,0x000000078ab00000,0x0000000794780000)
  from space 8704K, 98% used [0x0000000796480000,0x0000000796ce2e78,0x0000000796d00000)
  to   space 16384K, 0% used [0x0000000794d00000,0x0000000794d00000,0x0000000795d00000)
 ParOldGen       total 123904K, used 22551K [0x0000000720000000, 0x0000000727900000, 0x000000078ab00000)
  object space 123904K, 18% used [0x0000000720000000,0x0000000721605c30,0x0000000727900000)
 Metaspace       used 39145K, capacity 39558K, committed 40112K, reserved 1085440K
  class space    used 4827K, capacity 4958K, committed 5040K, reserved 1048576K
}

