# JRE version: Java(TM) SE Runtime Environment (8.0_20-b26) (build 1.8.0_20-b26)
# Java VM: Java HotSpot(TM) 64-Bit Server VM (25.20-b23 mixed mode bsd-amd64 compressed oops)
Heap:
 PSYoungGen      total 144896K, used 117021K [0x000000078ab00000, 0x0000000796180000, 0x00000007c0000000)
  eden space 129536K, 83% used [0x000000078ab00000,0x0000000791438f40,0x0000000792980000)
  from space 15360K, 60% used [0x0000000793800000,0x000000079410e590,0x0000000794700000)
  to   space 14848K, 0% used [0x0000000792980000,0x0000000792980000,0x0000000793800000)
 ParOldGen       total 132096K, used 23285K [0x0000000720000000, 0x0000000728100000, 0x000000078ab00000)
  object space 132096K, 17% used [0x0000000720000000,0x00000007216bd680,0x0000000728100000)
 Metaspace       used 41223K, capacity 41704K, committed 42152K, reserved 1085440K
  class space    used 5027K, capacity 5177K, committed 5296K, reserved 1048576K
GC Heap History (10 events):
Event: 9.370 GC heap before
{Heap before GC invocations=11 (full 2):
 PSYoungGen      total 120320K, used 14333K [0x000000078ab00000, 0x0000000794b80000, 0x00000007c0000000)
  eden space 105984K, 0% used [0x000000078ab00000,0x000000078ab00000,0x0000000791280000)
  from space 14336K, 99% used [0x0000000791280000,0x000000079207f470,0x0000000792080000)
  to   space 16384K, 0% used [0x0000000793b80000,0x0000000793b80000,0x0000000794b80000)
 ParOldGen       total 80896K, used 10988K [0x0000000720000000, 0x0000000724f00000, 0x000000078ab00000)
  object space 80896K, 13% used [0x0000000720000000,0x0000000720abb178,0x0000000724f00000)
 Metaspace       used 34806K, capacity 35118K, committed 35496K, reserved 1081344K
  class space    used 4189K, capacity 4266K, committed 4272K, reserved 1048576K
Event: 9.533 GC heap after
Heap after GC invocations=11 (full 2):
 PSYoungGen      total 120320K, used 0K [0x000000078ab00000, 0x0000000794b80000, 0x00000007c0000000)
  eden space 105984K, 0% used [0x000000078ab00000,0x000000078ab00000,0x0000000791280000)
  from space 14336K, 0% used [0x0000000791280000,0x0000000791280000,0x0000000792080000)
  to   space 16384K, 0% used [0x0000000793b80000,0x0000000793b80000,0x0000000794b80000)
 ParOldGen       total 132096K, used 23167K [0x0000000720000000, 0x0000000728100000, 0x000000078ab00000)
  object space 132096K, 17% used [0x0000000720000000,0x000000072169fd60,0x0000000728100000)
 Metaspace       used 34802K, capacity 35112K, committed 35496K, reserved 1081344K
  class space    used 4188K, capacity 4265K, committed 4272K, reserved 1048576K
}
Event: 11.819 GC heap before
{Heap before GC invocations=12 (full 2):
 PSYoungGen      total 120320K, used 105984K [0x000000078ab00000, 0x0000000794b80000, 0x00000007c0000000)
  eden space 105984K, 100% used [0x000000078ab00000,0x0000000791280000,0x0000000791280000)
  from space 14336K, 0% used [0x0000000791280000,0x0000000791280000,0x0000000792080000)
  to   space 16384K, 0% used [0x0000000793b80000,0x0000000793b80000,0x0000000794b80000)
 ParOldGen       total 132096K, used 23167K [0x0000000720000000, 0x0000000728100000, 0x000000078ab00000)
  object space 132096K, 17% used [0x0000000720000000,0x000000072169fd60,0x0000000728100000)
 Metaspace       used 37728K, capacity 38040K, committed 38568K, reserved 1083392K
  class space    used 4632K, capacity 4731K, committed 4784K, reserved 1048576K
Event: 11.833 GC heap after
Heap after GC invocations=12 (full 2):
 PSYoungGen      total 141824K, used 7476K [0x000000078ab00000, 0x0000000794800000, 0x00000007c0000000)
  eden space 129024K, 0% used [0x000000078ab00000,0x000000078ab00000,0x0000000792900000)
  from space 12800K, 58% used [0x0000000793b80000,0x00000007942cd200,0x0000000794800000)
  to   space 15872K, 0% used [0x0000000792900000,0x0000000792900000,0x0000000793880000)
 ParOldGen       total 132096K, used 23167K [0x0000000720000000, 0x0000000728100000, 0x000000078ab00000)
  object space 132096K, 17% used [0x0000000720000000,0x000000072169fd60,0x0000000728100000)
 Metaspace       used 37728K, capacity 38040K, committed 38568K, reserved 1083392K
  class space    used 4632K, capacity 4731K, committed 4784K, reserved 1048576K
}
Event: 177.155 GC heap before
{Heap before GC invocations=13 (full 2):
 PSYoungGen      total 141824K, used 59516K [0x000000078ab00000, 0x0000000794800000, 0x00000007c0000000)
  eden space 129024K, 40% used [0x000000078ab00000,0x000000078ddd2060,0x0000000792900000)
  from space 12800K, 58% used [0x0000000793b80000,0x00000007942cd200,0x0000000794800000)
  to   space 15872K, 0% used [0x0000000792900000,0x0000000792900000,0x0000000793880000)
 ParOldGen       total 132096K, used 23167K [0x0000000720000000, 0x0000000728100000, 0x000000078ab00000)
  object space 132096K, 17% used [0x0000000720000000,0x000000072169fd60,0x0000000728100000)
 Metaspace       used 40781K, capacity 41082K, committed 41512K, reserved 1085440K
  class space    used 5009K, capacity 5129K, committed 5168K, reserved 1048576K
Event: 177.168 GC heap after
Heap after GC invocations=13 (full 2):
 PSYoungGen      total 136704K, used 7226K [0x000000078ab00000, 0x0000000794700000, 0x00000007c0000000)
  eden space 129024K, 0% used [0x000000078ab00000,0x000000078ab00000,0x0000000792900000)
  from space 7680K, 94% used [0x0000000792900000,0x000000079300ea10,0x0000000793080000)
  to   space 15360K, 0% used [0x0000000793800000,0x0000000793800000,0x0000000794700000)
 ParOldGen       total 132096K, used 23175K [0x0000000720000000, 0x0000000728100000, 0x000000078ab00000)
  object space 132096K, 17% used [0x0000000720000000,0x00000007216a1d60,0x0000000728100000)
 Metaspace       used 40781K, capacity 41082K, committed 41512K, reserved 1085440K
  class space    used 5009K, capacity 5129K, committed 5168K, reserved 1048576K
}
Event: 177.168 GC heap before
{Heap before GC invocations=14 (full 3):
 PSYoungGen      total 136704K, used 7226K [0x000000078ab00000, 0x0000000794700000, 0x00000007c0000000)
  eden space 129024K, 0% used [0x000000078ab00000,0x000000078ab00000,0x0000000792900000)
  from space 7680K, 94% used [0x0000000792900000,0x000000079300ea10,0x0000000793080000)
  to   space 15360K, 0% used [0x0000000793800000,0x0000000793800000,0x0000000794700000)
 ParOldGen       total 132096K, used 23175K [0x0000000720000000, 0x0000000728100000, 0x000000078ab00000)
  object space 132096K, 17% used [0x0000000720000000,0x00000007216a1d60,0x0000000728100000)
 Metaspace       used 40781K, capacity 41082K, committed 41512K, reserved 1085440K
  class space    used 5009K, capacity 5129K, committed 5168K, reserved 1048576K
Event: 177.377 GC heap after
Heap after GC invocations=14 (full 3):
 PSYoungGen      total 136704K, used 0K [0x000000078ab00000, 0x0000000794700000, 0x00000007c0000000)
  eden space 129024K, 0% used [0x000000078ab00000,0x000000078ab00000,0x0000000792900000)
  from space 7680K, 0% used [0x0000000792900000,0x0000000792900000,0x0000000793080000)
  to   space 15360K, 0% used [0x0000000793800000,0x0000000793800000,0x0000000794700000)
 ParOldGen       total 132096K, used 23277K [0x0000000720000000, 0x0000000728100000, 0x000000078ab00000)
  object space 132096K, 17% used [0x0000000720000000,0x00000007216bb680,0x0000000728100000)
 Metaspace       used 40778K, capacity 41076K, committed 41512K, reserved 1085440K
  class space    used 5009K, capacity 5127K, committed 5168K, reserved 1048576K
}
Event: 178.529 GC heap before
{Heap before GC invocations=15 (full 3):
 PSYoungGen      total 136704K, used 129024K [0x000000078ab00000, 0x0000000794700000, 0x00000007c0000000)
  eden space 129024K, 100% used [0x000000078ab00000,0x0000000792900000,0x0000000792900000)
  from space 7680K, 0% used [0x0000000792900000,0x0000000792900000,0x0000000793080000)
  to   space 15360K, 0% used [0x0000000793800000,0x0000000793800000,0x0000000794700000)
 ParOldGen       total 132096K, used 23277K [0x0000000720000000, 0x0000000728100000, 0x000000078ab00000)
  object space 132096K, 17% used [0x0000000720000000,0x00000007216bb680,0x0000000728100000)
 Metaspace       used 40845K, capacity 41238K, committed 41768K, reserved 1085440K
  class space    used 5015K, capacity 5134K, committed 5168K, reserved 1048576K
Event: 178.547 GC heap after
Heap after GC invocations=15 (full 3):
 PSYoungGen      total 144896K, used 9273K [0x000000078ab00000, 0x0000000796180000, 0x00000007c0000000)
  eden space 129536K, 0% used [0x000000078ab00000,0x000000078ab00000,0x0000000792980000)
  from space 15360K, 60% used [0x0000000793800000,0x000000079410e590,0x0000000794700000)
  to   space 14848K, 0% used [0x0000000792980000,0x0000000792980000,0x0000000793800000)
 ParOldGen       total 132096K, used 23285K [0x0000000720000000, 0x0000000728100000, 0x000000078ab00000)
  object space 132096K, 17% used [0x0000000720000000,0x00000007216bd680,0x0000000728100000)
 Metaspace       used 40845K, capacity 41238K, committed 41768K, reserved 1085440K
  class space    used 5015K, capacity 5134K, committed 5168K, reserved 1048576K
}

